<?xml version="1.0" encoding="UTF-8"?>
<!-- Generated by org.testng.reporters.JUnitReportReporter -->
<testsuite hostname="Kalyani" name="basicSelenium.SeleniumClass3" tests="1" failures="0" timestamp="19 Jun 2019 14:21:27 GMT" time="23.553" errors="0">
  <testcase name="test" time="23.553" classname="basicSelenium.SeleniumClass3"/>
</testsuite> <!-- basicSelenium.SeleniumClass3 -->
