<?xml version="1.0" encoding="UTF-8"?>
<!-- Generated by org.testng.reporters.JUnitReportReporter -->
<testsuite hostname="Kalyani" name="basicAnnotations.TestNGClass4" tests="10" failures="0" timestamp="13 Jun 2019 16:10:14 GMT" time="0.020" errors="0">
  <testcase name="test" time="0.000" classname="basicAnnotations.TestNGClass4"/>
  <testcase name="test" time="0.000" classname="basicAnnotations.TestNGClass4"/>
  <testcase name="test" time="0.010" classname="basicAnnotations.TestNGClass4"/>
  <testcase name="test" time="0.000" classname="basicAnnotations.TestNGClass4"/>
  <testcase name="test" time="0.010" classname="basicAnnotations.TestNGClass4"/>
  <testcase name="test" time="0.000" classname="basicAnnotations.TestNGClass4"/>
  <testcase name="test" time="0.000" classname="basicAnnotations.TestNGClass4"/>
  <testcase name="test" time="0.000" classname="basicAnnotations.TestNGClass4"/>
  <testcase name="test" time="0.000" classname="basicAnnotations.TestNGClass4"/>
  <testcase name="test" time="0.000" classname="basicAnnotations.TestNGClass4"/>
</testsuite> <!-- basicAnnotations.TestNGClass4 -->
