<?xml version="1.0" encoding="UTF-8"?>
<!-- Generated by org.testng.reporters.JUnitReportReporter -->
<testsuite hostname="Kalyani" name="basicAnnotations.TestNGClass2" tests="4" failures="0" timestamp="13 Jun 2019 14:22:17 GMT" time="0.018" errors="0">
  <testcase name="test1" time="0.003" classname="basicAnnotations.TestNGClass2"/>
  <testcase name="test1" time="0.006" classname="basicAnnotations.TestNGClass2"/>
  <testcase name="est2" time="0.008" classname="basicAnnotations.TestNGClass2"/>
  <testcase name="est2" time="0.001" classname="basicAnnotations.TestNGClass2"/>
</testsuite> <!-- basicAnnotations.TestNGClass2 -->
