<?xml version="1.0" encoding="UTF-8"?>
<!-- Generated by org.testng.reporters.JUnitReportReporter -->
<testsuite hostname="Kalyani" name="basicAnnotations.TestNGClass3" tests="2" failures="0" timestamp="13 Jun 2019 14:22:17 GMT" time="0.004" errors="0">
  <testcase name="test3" time="0.002" classname="basicAnnotations.TestNGClass3"/>
  <testcase name="test3" time="0.002" classname="basicAnnotations.TestNGClass3"/>
</testsuite> <!-- basicAnnotations.TestNGClass3 -->
