<?xml version="1.0" encoding="UTF-8"?>
<!-- Generated by org.testng.reporters.JUnitReportReporter -->
<testsuite hostname="Kalyani" name="testScript.TC_login" tests="1" failures="0" timestamp="28 Jun 2019 16:55:03 GMT" time="21.250" errors="0">
  <testcase name="script" time="21.250" classname="testScript.TC_login"/>
</testsuite> <!-- testScript.TC_login -->
