<?xml version="1.0" encoding="UTF-8"?>
<!-- Generated by org.testng.reporters.JUnitReportReporter -->
<testsuite hostname="Kalyani" name="testing.TC_login" tests="1" failures="0" timestamp="30 Jun 2019 04:36:04 GMT" time="17.928" errors="0">
  <testcase name="script" time="17.928" classname="testing.TC_login"/>
</testsuite> <!-- testing.TC_login -->
