<?xml version="1.0" encoding="UTF-8"?>
<!-- Generated by org.testng.reporters.JUnitReportReporter -->
<testsuite hostname="Kalyani" name="comboBox.Testing" tests="1" failures="0" timestamp="19 Jun 2019 14:58:12 GMT" time="13.733" errors="0">
  <testcase name="login" time="13.733" classname="comboBox.Testing"/>
</testsuite> <!-- comboBox.Testing -->
